<?xml version="1.0" encoding="UTF-8"?>
<!-- Generated by org.testng.reporters.JUnitReportReporter -->
<testsuite hostname="SoNi" failures="0" tests="2" name="organization.TestNG" time="51.606" errors="0" timestamp="2025-02-28T15:17:45 IST" skipped="0">
  <testcase classname="organization.TestNG" name="createOrgTest" time="20.464"/>
  <system-out/>
  <testcase classname="organization.TestNG" name="createOrgWithPhoneTest" time="31.142"/>
  <system-out/>
</testsuite> <!-- organization.TestNG -->
