<?xml version="1.0" encoding="UTF-8"?>
<!-- Generated by org.testng.reporters.JUnitReportReporter -->
<testsuite hostname="SoNi" failures="0" tests="1" name="organization.CreateOrgTest" time="51.150" errors="0" timestamp="2025-07-21T14:54:45 IST" skipped="0">
  <testcase classname="organization.CreateOrgTest" name="createOrgTest" time="51.150"/>
  <system-out/>
</testsuite> <!-- organization.CreateOrgTest -->
