<?xml version="1.0" encoding="UTF-8"?>
<!-- Generated by org.testng.reporters.JUnitReportReporter -->
<testsuite hostname="SoNi" failures="0" tests="1" name="organization.CreateOrgWithPhoneTest" time="64.512" errors="0" timestamp="2025-07-21T14:54:45 IST" skipped="0">
  <testcase classname="organization.CreateOrgWithPhoneTest" name="createOrgWithPhoneTest" time="64.512"/>
  <system-out/>
</testsuite> <!-- organization.CreateOrgWithPhoneTest -->
